<?xml version="1.0" encoding="UTF-8"?>
<testng-results ignored="0" total="1" passed="1" failed="0" skipped="0">
  <reporter-output>
  </reporter-output>
  <suite started-at="2019-04-24T09:22:56Z" name="seleniumtest" finished-at="2019-04-24T09:24:13Z" duration-ms="77159">
    <groups>
    </groups>
    <test started-at="2019-04-24T09:22:56Z" name="wishbook wholesale app" finished-at="2019-04-24T09:24:13Z" duration-ms="77159">
      <class name="testCases.Setmatching">
        <test-method is-config="true" signature="Setup(java.lang.String)[pri:0, instance:testCases.Setmatching@291caca8]" started-at="2019-04-24T09:22:57Z" name="Setup" finished-at="2019-04-24T09:23:06Z" duration-ms="9470" status="PASS">
          <params>
            <param index="0">
              <value>
                <![CDATA[chrome]]>
              </value>
            </param>
          </params>
          <reporter-output>
          </reporter-output>
        </test-method> <!-- Setup -->
        <test-method signature="setmatching()[pri:3, instance:testCases.Setmatching@291caca8]" started-at="2019-04-24T09:23:06Z" name="setmatching" finished-at="2019-04-24T09:24:12Z" duration-ms="66035" status="PASS">
          <reporter-output>
          </reporter-output>
        </test-method> <!-- setmatching -->
        <test-method is-config="true" signature="tearDown()[pri:0, instance:testCases.Setmatching@291caca8]" started-at="2019-04-24T09:24:12Z" name="tearDown" finished-at="2019-04-24T09:24:13Z" duration-ms="1012" status="PASS">
          <reporter-output>
          </reporter-output>
        </test-method> <!-- tearDown -->
      </class> <!-- testCases.Setmatching -->
    </test> <!-- wishbook wholesale app -->
  </suite> <!-- seleniumtest -->
</testng-results>
